20250108-20:08:20: Session FIX.4.4:ClientCompID->ServerCompID schedule is daily, 00:00:00-UTC - 00:00:00-UTC
20250108-20:08:20: Created session: FIX.4.4:ClientCompID->ServerCompID
20250108-20:08:20: Configured socket addresses for session: [/127.0.0.1:9876]
20250108-20:09:04: Session FIX.4.4:ClientCompID->ServerCompID schedule is daily, 00:00:00-UTC - 00:00:00-UTC
20250108-20:09:04: Created session: FIX.4.4:ClientCompID->ServerCompID
20250108-20:09:04: Configured socket addresses for session: [/127.0.0.1:9876]
20250108-20:09:04: Exception during connection to /127.0.0.1:9876 (Next retry in 30000 milliseconds)
java.util.concurrent.RejectedExecutionException: Task org.apache.mina.util.NamePreservingRunnable@44f20442 rejected from java.util.concurrent.ThreadPoolExecutor@1caae6cf[Terminated, pool size = 0, active threads = 0, queued tasks = 0, completed tasks = 1]
	at java.base/java.util.concurrent.ThreadPoolExecutor$AbortPolicy.rejectedExecution(ThreadPoolExecutor.java:2065)
	at java.base/java.util.concurrent.ThreadPoolExecutor.reject(ThreadPoolExecutor.java:833)
	at java.base/java.util.concurrent.ThreadPoolExecutor.execute(ThreadPoolExecutor.java:1365)
	at org.apache.mina.core.service.AbstractIoService.executeWorker(AbstractIoService.java:483)
	at org.apache.mina.core.service.AbstractIoService.executeWorker(AbstractIoService.java:475)
	at org.apache.mina.core.polling.AbstractPollingIoConnector.startupWorker(AbstractPollingIoConnector.java:413)
	at org.apache.mina.core.polling.AbstractPollingIoConnector.connect0(AbstractPollingIoConnector.java:395)
	at org.apache.mina.core.service.AbstractIoConnector.connect(AbstractIoConnector.java:331)
	at org.apache.mina.core.service.AbstractIoConnector.connect(AbstractIoConnector.java:207)
	at quickfix.mina.initiator.IoSessionInitiator$ConnectTask.connect(IoSessionInitiator.java:223)
	at quickfix.mina.initiator.IoSessionInitiator$ConnectTask.run(IoSessionInitiator.java:208)
	at java.base/java.util.concurrent.Executors$RunnableAdapter.call(Executors.java:539)
	at java.base/java.util.concurrent.FutureTask.runAndReset(FutureTask.java:305)
	at java.base/java.util.concurrent.ScheduledThreadPoolExecutor$ScheduledFutureTask.run(ScheduledThreadPoolExecutor.java:305)
	at java.base/java.util.concurrent.ThreadPoolExecutor.runWorker(ThreadPoolExecutor.java:1136)
	at java.base/java.util.concurrent.ThreadPoolExecutor$Worker.run(ThreadPoolExecutor.java:635)
	at java.base/java.lang.Thread.run(Thread.java:840)

